Arguments: 
  /usr/local/Cellar/node@4/4.8.7/lib/node_modules/node/bin/node /usr/local/Cellar/yarn/1.5.1_1/libexec/bin/yarn.js start

PATH: 
  /usr/local/opt/node@4/bin:/Users/macbookpro/Applications/exec -l /bin/bash/google-cloud-sdk/bin:/Users/macbookpro/.rvm/gems/ruby-2.4.0/bin:/Users/macbookpro/.rvm/gems/ruby-2.4.0@global/bin:/Users/macbookpro/.rvm/rubies/ruby-2.4.0/bin:/usr/bin:/bin:/usr/sbin:/sbin:/usr/local/bin:/usr/local/share/dotnet:/Library/Frameworks/Mono.framework/Versions/Current/Commands:/Applications/Xamarin Workbooks.app/Contents/SharedSupport/path-bin:/Users/macbookpro/.rvm/bin

Yarn version: 
  1.5.1

Node version: 
  9.7.0

Platform: 
  darwin x64

npm manifest: 
  {
    "name": "application",
    "version": "1.0.0",
    "description": "",
    "main": "index.js",
    "scripts": {
      "test": "echo \"Error: no test specified\" && exit 1",
      "start": "node server.js",
      "dev": "nodemon server.js"
    },
    "devDependencies": {
      "nodemon": "^1.12.4"
    },
    "dependencies": {
      "body-parser": "^1.18.2",
      "dotenv": "^4.0.0",
      "express": "^4.16.2",
      "express-session": "^1.15.6",
      "mongoose": "^4.13.6"
    },
    "engines": {
      "node": "9.7.0"
    },
    "author": "",
    "license": "ISC"
  }

yarn manifest: 
  No manifest

Lockfile: 
  No lockfile

Trace: 
  Error: Command failed.
  Exit code: 1
  Command: sh
  Arguments: -c node server.js
  Directory: /Users/macbookpro/javascript/application
  Output:
  
      at ProcessTermError.MessageError (/usr/local/Cellar/yarn/1.5.1_1/libexec/lib/cli.js:186:110)
      at new ProcessTermError (/usr/local/Cellar/yarn/1.5.1_1/libexec/lib/cli.js:226:113)
      at ChildProcess.<anonymous> (/usr/local/Cellar/yarn/1.5.1_1/libexec/lib/cli.js:30281:17)
      at ChildProcess.emit (events.js:127:13)
      at maybeClose (internal/child_process.js:936:16)
      at Process.ChildProcess._handle.onexit (internal/child_process.js:220:5)
